2014-11-07 13:33:08 weka.gui.GUIChooser main
INFO: Logging started
asdfasfasdfwerwerwe
2014-11-07 13:33:08 weka.gui.GUIChooser main
INFO: Logging started
---Registering Weka Editors---
---Registering Weka Editors---
Trying to add database driver (JDBC): RmiJdbc.RJDriver - Error, not in CLASSPATH?
Trying to add database driver (JDBC): RmiJdbc.RJDriver - Error, not in CLASSPATH?
Trying to add database driver (JDBC): jdbc.idbDriver - Error, not in CLASSPATH?
Trying to add database driver (JDBC): jdbc.idbDriver - Error, not in CLASSPATH?
Trying to add database driver (JDBC): org.gjt.mm.mysql.Driver - Error, not in CLASSPATH?
Trying to add database driver (JDBC): org.gjt.mm.mysql.Driver - Error, not in CLASSPATH?
Trying to add database driver (JDBC): com.mckoi.JDBCDriver - Error, not in CLASSPATH?
Trying to add database driver (JDBC): com.mckoi.JDBCDriver - Error, not in CLASSPATH?
Trying to add database driver (JDBC): org.hsqldb.jdbcDriver - Error, not in CLASSPATH?
Trying to add database driver (JDBC): org.hsqldb.jdbcDriver - Error, not in CLASSPATH?
CALLED ExperimentEnvironment
[DEBUGGER] ---- Setup
Tester set to: weka.experiment.PairedCorrectedTTester
2014-11-07 13:33:47 weka.gui.explorer.Explorer <init>
INFO: Weka Explorer
2014-11-07 13:33:47 weka.gui.explorer.Explorer <init>
INFO: (c) 1999-2014 The University of Waikato, Hamilton, New Zealand
2014-11-07 13:33:47 weka.gui.explorer.Explorer <init>
INFO: web: http://www.cs.waikato.ac.nz/~ml/weka/
2014-11-07 13:33:47 weka.gui.explorer.Explorer <init>
INFO: Started on Friday, 7 November 2014
2014-11-07 13:35:53 weka.gui.explorer.ClassifierPanel$16 run
INFO: Started weka.classifiers.functions.MultilayerPerceptron
2014-11-07 13:35:53 weka.gui.explorer.ClassifierPanel$16 run
INFO: Command:weka.classifiers.functions.MultilayerPerceptron -L 0.3 -M 0.2 -N 500 -V 0 -S 0 -E 20 -H 5
2014-11-07 13:35:54 weka.gui.explorer.ClassifierPanel$16 run
INFO: Finished weka.classifiers.functions.MultilayerPerceptron
2014-11-07 13:38:34 weka.gui.explorer.ClassifierPanel$16 run
INFO: Started weka.classifiers.functions.MultilayerPerceptron
2014-11-07 13:38:34 weka.gui.explorer.ClassifierPanel$16 run
INFO: Command:weka.classifiers.functions.MultilayerPerceptron -L 0.3 -M 0.2 -N 500 -V 0 -S 0 -E 20 -H 3
2014-11-07 13:38:35 weka.gui.explorer.ClassifierPanel$16 run
INFO: Finished weka.classifiers.functions.MultilayerPerceptron
2014-11-07 13:39:18 weka.gui.explorer.ClassifierPanel$16 run
INFO: Started weka.classifiers.functions.MultilayerPerceptron
2014-11-07 13:39:18 weka.gui.explorer.ClassifierPanel$16 run
INFO: Command:weka.classifiers.functions.MultilayerPerceptron -L 0.3 -M 0.2 -N 500 -V 0 -S 0 -E 20 -H 3 -G -R
2014-11-07 13:40:14 weka.gui.explorer.ClassifierPanel$16 run
INFO: Interrupted weka.classifiers.functions.MultilayerPerceptron
2014-11-07 13:40:51 weka.gui.explorer.ClassifierPanel$16 run
INFO: Started weka.classifiers.functions.MultilayerPerceptron
2014-11-07 13:40:51 weka.gui.explorer.ClassifierPanel$16 run
INFO: Command:weka.classifiers.functions.MultilayerPerceptron -L 0.3 -M 0.2 -N 500 -V 0 -S 0 -E 20 -H 3 -G -R
2014-11-07 13:50:25 weka.gui.explorer.ClustererPanel$12 run
INFO: Started weka.clusterers.SimpleKMeans
2014-11-07 13:50:25 weka.gui.explorer.ClustererPanel$12 run
INFO: Command: weka.clusterers.SimpleKMeans -N 2 -A "weka.core.EuclideanDistance -R first-last" -I 500 -S 10
2014-11-07 13:50:25 weka.gui.explorer.ClustererPanel$12 run
INFO: Finished weka.clusterers.SimpleKMeans
2014-11-07 13:50:51 weka.gui.explorer.ClustererPanel$12 run
INFO: Started weka.clusterers.SimpleKMeans
2014-11-07 13:50:52 weka.gui.explorer.ClustererPanel$12 run
INFO: Command: weka.clusterers.SimpleKMeans -N 2 -A "weka.core.EuclideanDistance -R first-last" -I 500 -S 10
2014-11-07 13:50:52 weka.gui.explorer.ClustererPanel$12 run
INFO: Finished weka.clusterers.SimpleKMeans
2014-11-07 13:51:18 weka.gui.explorer.ClustererPanel$12 run
INFO: Started weka.clusterers.SimpleKMeans
2014-11-07 13:51:18 weka.gui.explorer.ClustererPanel$12 run
INFO: Command: weka.clusterers.SimpleKMeans -N 3 -A "weka.core.EuclideanDistance -R first-last" -I 500 -S 10
2014-11-07 13:51:18 weka.gui.explorer.ClustererPanel$12 run
INFO: Finished weka.clusterers.SimpleKMeans
2014-11-07 13:51:49 weka.gui.explorer.ClustererPanel$12 run
INFO: Started weka.clusterers.SimpleKMeans
2014-11-07 13:51:49 weka.gui.explorer.ClustererPanel$12 run
INFO: Command: weka.clusterers.SimpleKMeans -N 3 -A "weka.core.EuclideanDistance -R first-last" -I 500 -S 10
2014-11-07 13:51:49 weka.gui.explorer.ClustererPanel$12 run
INFO: Finished weka.clusterers.SimpleKMeans
2014-11-07 13:53:41 weka.gui.explorer.ClustererPanel$12 run
INFO: Started weka.clusterers.SimpleKMeans
2014-11-07 13:53:41 weka.gui.explorer.ClustererPanel$12 run
INFO: Command: weka.clusterers.SimpleKMeans -N 3 -A "weka.core.EuclideanDistance -R first-last" -I 500 -S 10
2014-11-07 13:53:41 weka.gui.explorer.ClustererPanel$12 run
INFO: Finished weka.clusterers.SimpleKMeans
2014-11-07 14:33:28 weka.gui.explorer.ClassifierPanel$16 run
INFO: Finished weka.classifiers.functions.MultilayerPerceptron
